Arguments: 
  /usr/local/Cellar/node/9.11.1/bin/node /usr/local/Cellar/yarn/1.13.0/libexec/bin/yarn.js add @babel/preset-latest -D

PATH: 
  /usr/local/Cellar/node/9.11.1/bin:/usr/local/bin:/usr/bin:/bin:/usr/sbin:/sbin

Yarn version: 
  1.13.0

Node version: 
  12.6.0

Platform: 
  darwin x64

Trace: 
  Error: http://r.tnpm.oa.com/@babel%2fpreset-latest: Not found
      at Request.params.callback [as _callback] (/usr/local/Cellar/yarn/1.13.0/libexec/lib/cli.js:66255:18)
      at Request.self.callback (/usr/local/Cellar/yarn/1.13.0/libexec/lib/cli.js:129397:22)
      at Request.emit (events.js:203:13)
      at Request.<anonymous> (/usr/local/Cellar/yarn/1.13.0/libexec/lib/cli.js:130369:10)
      at Request.emit (events.js:203:13)
      at IncomingMessage.<anonymous> (/usr/local/Cellar/yarn/1.13.0/libexec/lib/cli.js:130291:12)
      at Object.onceWrapper (events.js:291:20)
      at IncomingMessage.emit (events.js:208:15)
      at endReadableNT (_stream_readable.js:1154:12)
      at processTicksAndRejections (internal/process/task_queues.js:77:11)

npm manifest: 
  {
    "name": "rollup-demo",
    "version": "1.0.0",
    "description": "",
    "main": "index.js",
    "scripts": {
      "build": "rollup -c",
      "test": "echo \"Error: no test specified\" && exit 1"
    },
    "keywords": [],
    "author": "",
    "license": "ISC",
    "devDependencies": {
      "@babel/core": "^7.5.5",
      "@babel/plugin-external-helpers": "^7.2.0",
      "rollup": "^1.17.0",
      "rollup-plugin-babel": "^4.3.3",
      "rollup-plugin-json": "^4.0.0",
      "rollup-plugin-node-resolve": "^5.2.0"
    },
    "dependencies": {
      "the-answer": "^1.0.0"
    }
  }

yarn manifest: 
  No manifest

Lockfile: 
  # THIS IS AN AUTOGENERATED FILE. DO NOT EDIT THIS FILE DIRECTLY.
  # yarn lockfile v1
  
  
  "@babel/code-frame@^7.0.0", "@babel/code-frame@^7.5.5":
    version "7.5.5"
    resolved "http://r.tnpm.oa.com/@babel/code-frame/download/@babel/code-frame-7.5.5.tgz#bc0782f6d69f7b7d49531219699b988f669a8f9d"
    integrity sha1-vAeC9tafe31JUxIZaZuYj2aaj50=
    dependencies:
      "@babel/highlight" "^7.0.0"
  
  "@babel/core@^7.5.5":
    version "7.5.5"
    resolved "http://r.tnpm.oa.com/@babel/core/download/@babel/core-7.5.5.tgz#17b2686ef0d6bc58f963dddd68ab669755582c30"
    integrity sha1-F7JobvDWvFj5Y93daKtml1VYLDA=
    dependencies:
      "@babel/code-frame" "^7.5.5"
      "@babel/generator" "^7.5.5"
      "@babel/helpers" "^7.5.5"
      "@babel/parser" "^7.5.5"
      "@babel/template" "^7.4.4"
      "@babel/traverse" "^7.5.5"
      "@babel/types" "^7.5.5"
      convert-source-map "^1.1.0"
      debug "^4.1.0"
      json5 "^2.1.0"
      lodash "^4.17.13"
      resolve "^1.3.2"
      semver "^5.4.1"
      source-map "^0.5.0"
  
  "@babel/generator@^7.5.5":
    version "7.5.5"
    resolved "http://r.tnpm.oa.com/@babel/generator/download/@babel/generator-7.5.5.tgz#873a7f936a3c89491b43536d12245b626664e3cf"
    integrity sha1-hzp/k2o8iUkbQ1NtEiRbYmZk488=
    dependencies:
      "@babel/types" "^7.5.5"
      jsesc "^2.5.1"
      lodash "^4.17.13"
      source-map "^0.5.0"
      trim-right "^1.0.1"
  
  "@babel/helper-function-name@^7.1.0":
    version "7.1.0"
    resolved "http://r.tnpm.oa.com/@babel/helper-function-name/download/@babel/helper-function-name-7.1.0.tgz#a0ceb01685f73355d4360c1247f582bfafc8ff53"
    integrity sha1-oM6wFoX3M1XUNgwSR/WCv6/I/1M=
    dependencies:
      "@babel/helper-get-function-arity" "^7.0.0"
      "@babel/template" "^7.1.0"
      "@babel/types" "^7.0.0"
  
  "@babel/helper-get-function-arity@^7.0.0":
    version "7.0.0"
    resolved "http://r.tnpm.oa.com/@babel/helper-get-function-arity/download/@babel/helper-get-function-arity-7.0.0.tgz#83572d4320e2a4657263734113c42868b64e49c3"
    integrity sha1-g1ctQyDipGVyY3NBE8QoaLZOScM=
    dependencies:
      "@babel/types" "^7.0.0"
  
  "@babel/helper-module-imports@^7.0.0":
    version "7.0.0"
    resolved "http://r.tnpm.oa.com/@babel/helper-module-imports/download/@babel/helper-module-imports-7.0.0.tgz#96081b7111e486da4d2cd971ad1a4fe216cc2e3d"
    integrity sha1-lggbcRHkhtpNLNlxrRpP4hbMLj0=
    dependencies:
      "@babel/types" "^7.0.0"
  
  "@babel/helper-plugin-utils@^7.0.0":
    version "7.0.0"
    resolved "http://r.tnpm.oa.com/@babel/helper-plugin-utils/download/@babel/helper-plugin-utils-7.0.0.tgz#bbb3fbee98661c569034237cc03967ba99b4f250"
    integrity sha1-u7P77phmHFaQNCN8wDlnupm08lA=
  
  "@babel/helper-split-export-declaration@^7.4.4":
    version "7.4.4"
    resolved "http://r.tnpm.oa.com/@babel/helper-split-export-declaration/download/@babel/helper-split-export-declaration-7.4.4.tgz#ff94894a340be78f53f06af038b205c49d993677"
    integrity sha1-/5SJSjQL549T8GrwOLIFxJ2ZNnc=
    dependencies:
      "@babel/types" "^7.4.4"
  
  "@babel/helpers@^7.5.5":
    version "7.5.5"
    resolved "http://r.tnpm.oa.com/@babel/helpers/download/@babel/helpers-7.5.5.tgz#63908d2a73942229d1e6685bc2a0e730dde3b75e"
    integrity sha1-Y5CNKnOUIinR5mhbwqDnMN3jt14=
    dependencies:
      "@babel/template" "^7.4.4"
      "@babel/traverse" "^7.5.5"
      "@babel/types" "^7.5.5"
  
  "@babel/highlight@^7.0.0":
    version "7.5.0"
    resolved "http://r.tnpm.oa.com/@babel/highlight/download/@babel/highlight-7.5.0.tgz#56d11312bd9248fa619591d02472be6e8cb32540"
    integrity sha1-VtETEr2SSPphlZHQJHK+boyzJUA=
    dependencies:
      chalk "^2.0.0"
      esutils "^2.0.2"
      js-tokens "^4.0.0"
  
  "@babel/parser@^7.4.4", "@babel/parser@^7.5.5":
    version "7.5.5"
    resolved "http://r.tnpm.oa.com/@babel/parser/download/@babel/parser-7.5.5.tgz#02f077ac8817d3df4a832ef59de67565e71cca4b"
    integrity sha1-AvB3rIgX099Kgy71neZ1Zeccyks=
  
  "@babel/plugin-external-helpers@^7.2.0":
    version "7.2.0"
    resolved "http://r.tnpm.oa.com/@babel/plugin-external-helpers/download/@babel/plugin-external-helpers-7.2.0.tgz#7f4cb7dee651cd380d2034847d914288467a6be4"
    integrity sha1-f0y33uZRzTgNIDSEfZFCiEZ6a+Q=
    dependencies:
      "@babel/helper-plugin-utils" "^7.0.0"
  
  "@babel/template@^7.1.0", "@babel/template@^7.4.4":
    version "7.4.4"
    resolved "http://r.tnpm.oa.com/@babel/template/download/@babel/template-7.4.4.tgz#f4b88d1225689a08f5bc3a17483545be9e4ed237"
    integrity sha1-9LiNEiVomgj1vDoXSDVFvp5O0jc=
    dependencies:
      "@babel/code-frame" "^7.0.0"
      "@babel/parser" "^7.4.4"
      "@babel/types" "^7.4.4"
  
  "@babel/traverse@^7.5.5":
    version "7.5.5"
    resolved "http://r.tnpm.oa.com/@babel/traverse/download/@babel/traverse-7.5.5.tgz#f664f8f368ed32988cd648da9f72d5ca70f165bb"
    integrity sha1-9mT482jtMpiM1kjan3LVynDxZbs=
    dependencies:
      "@babel/code-frame" "^7.5.5"
      "@babel/generator" "^7.5.5"
      "@babel/helper-function-name" "^7.1.0"
      "@babel/helper-split-export-declaration" "^7.4.4"
      "@babel/parser" "^7.5.5"
      "@babel/types" "^7.5.5"
      debug "^4.1.0"
      globals "^11.1.0"
      lodash "^4.17.13"
  
  "@babel/types@^7.0.0", "@babel/types@^7.4.4", "@babel/types@^7.5.5":
    version "7.5.5"
    resolved "http://r.tnpm.oa.com/@babel/types/download/@babel/types-7.5.5.tgz#97b9f728e182785909aa4ab56264f090a028d18a"
    integrity sha1-l7n3KOGCeFkJqkq1YmTwkKAo0Yo=
    dependencies:
      esutils "^2.0.2"
      lodash "^4.17.13"
      to-fast-properties "^2.0.0"
  
  "@types/estree@0.0.39":
    version "0.0.39"
    resolved "http://r.tnpm.oa.com/@types/estree/download/@types/estree-0.0.39.tgz#e177e699ee1b8c22d23174caaa7422644389509f"
    integrity sha1-4Xfmme4bjCLSMXTKqnQiZEOJUJ8=
  
  "@types/node@*", "@types/node@^12.6.2":
    version "12.6.8"
    resolved "http://r.tnpm.oa.com/@types/node/download/@types/node-12.6.8.tgz#e469b4bf9d1c9832aee4907ba8a051494357c12c"
    integrity sha1-5Gm0v50cmDKu5JB7qKBRSUNXwSw=
  
  "@types/resolve@0.0.8":
    version "0.0.8"
    resolved "http://r.tnpm.oa.com/@types/resolve/download/@types/resolve-0.0.8.tgz#f26074d238e02659e323ce1a13d041eee280e194"
    integrity sha1-8mB00jjgJlnjI84aE9BB7uKA4ZQ=
    dependencies:
      "@types/node" "*"
  
  acorn@^6.2.0:
    version "6.2.1"
    resolved "http://r.tnpm.oa.com/acorn/download/acorn-6.2.1.tgz#3ed8422d6dec09e6121cc7a843ca86a330a86b51"
    integrity sha1-PthCLW3sCeYSHMeoQ8qGozCoa1E=
  
  ansi-styles@^3.2.1:
    version "3.2.1"
    resolved "http://r.tnpm.oa.com/ansi-styles/download/ansi-styles-3.2.1.tgz#41fbb20243e50b12be0f04b8dedbf07520ce841d"
    integrity sha1-QfuyAkPlCxK+DwS43tvwdSDOhB0=
    dependencies:
      color-convert "^1.9.0"
  
  builtin-modules@^3.1.0:
    version "3.1.0"
    resolved "http://r.tnpm.oa.com/builtin-modules/download/builtin-modules-3.1.0.tgz#aad97c15131eb76b65b50ef208e7584cd76a7484"
    integrity sha1-qtl8FRMet2tltQ7yCOdYTNdqdIQ=
  
  chalk@^2.0.0:
    version "2.4.2"
    resolved "http://r.tnpm.oa.com/chalk/download/chalk-2.4.2.tgz#cd42541677a54333cf541a49108c1432b44c9424"
    integrity sha1-zUJUFnelQzPPVBpJEIwUMrRMlCQ=
    dependencies:
      ansi-styles "^3.2.1"
      escape-string-regexp "^1.0.5"
      supports-color "^5.3.0"
  
  color-convert@^1.9.0:
    version "1.9.3"
    resolved "http://r.tnpm.oa.com/color-convert/download/color-convert-1.9.3.tgz#bb71850690e1f136567de629d2d5471deda4c1e8"
    integrity sha1-u3GFBpDh8TZWfeYp0tVHHe2kweg=
    dependencies:
      color-name "1.1.3"
  
  color-name@1.1.3:
    version "1.1.3"
    resolved "http://r.tnpm.oa.com/color-name/download/color-name-1.1.3.tgz#a7d0558bd89c42f795dd42328f740831ca53bc25"
    integrity sha1-p9BVi9icQveV3UIyj3QIMcpTvCU=
  
  convert-source-map@^1.1.0:
    version "1.6.0"
    resolved "http://r.tnpm.oa.com/convert-source-map/download/convert-source-map-1.6.0.tgz#51b537a8c43e0f04dec1993bffcdd504e758ac20"
    integrity sha1-UbU3qMQ+DwTewZk7/83VBOdYrCA=
    dependencies:
      safe-buffer "~5.1.1"
  
  debug@^4.1.0:
    version "4.1.1"
    resolved "http://r.tnpm.oa.com/debug/download/debug-4.1.1.tgz#3b72260255109c6b589cee050f1d516139664791"
    integrity sha1-O3ImAlUQnGtYnO4FDx1RYTlmR5E=
    dependencies:
      ms "^2.1.1"
  
  escape-string-regexp@^1.0.5:
    version "1.0.5"
    resolved "http://r.tnpm.oa.com/escape-string-regexp/download/escape-string-regexp-1.0.5.tgz#1b61c0562190a8dff6ae3bb2cf0200ca130b86d4"
    integrity sha1-G2HAViGQqN/2rjuyzwIAyhMLhtQ=
  
  estree-walker@^0.6.1:
    version "0.6.1"
    resolved "http://r.tnpm.oa.com/estree-walker/download/estree-walker-0.6.1.tgz#53049143f40c6eb918b23671d1fe3219f3a1b362"
    integrity sha1-UwSRQ/QMbrkYsjZx0f4yGfOhs2I=
  
  esutils@^2.0.2:
    version "2.0.3"
    resolved "http://r.tnpm.oa.com/esutils/download/esutils-2.0.3.tgz#74d2eb4de0b8da1293711910d50775b9b710ef64"
    integrity sha1-dNLrTeC42hKTcRkQ1Qd1ubcQ72Q=
  
  globals@^11.1.0:
    version "11.12.0"
    resolved "http://r.tnpm.oa.com/globals/download/globals-11.12.0.tgz#ab8795338868a0babd8525758018c2a7eb95c42e"
    integrity sha1-q4eVM4hooLq9hSV1gBjCp+uVxC4=
  
  has-flag@^3.0.0:
    version "3.0.0"
    resolved "http://r.tnpm.oa.com/has-flag/download/has-flag-3.0.0.tgz#b5d454dc2199ae225699f3467e5a07f3b955bafd"
    integrity sha1-tdRU3CGZriJWmfNGfloH87lVuv0=
  
  is-module@^1.0.0:
    version "1.0.0"
    resolved "http://r.tnpm.oa.com/is-module/download/is-module-1.0.0.tgz#3258fb69f78c14d5b815d664336b4cffb6441591"
    integrity sha1-Mlj7afeMFNW4FdZkM2tM/7ZEFZE=
  
  js-tokens@^4.0.0:
    version "4.0.0"
    resolved "http://r.tnpm.oa.com/js-tokens/download/js-tokens-4.0.0.tgz#19203fb59991df98e3a287050d4647cdeaf32499"
    integrity sha1-GSA/tZmR35jjoocFDUZHzerzJJk=
  
  jsesc@^2.5.1:
    version "2.5.2"
    resolved "http://r.tnpm.oa.com/jsesc/download/jsesc-2.5.2.tgz#80564d2e483dacf6e8ef209650a67df3f0c283a4"
    integrity sha1-gFZNLkg9rPbo7yCWUKZ98/DCg6Q=
  
  json5@^2.1.0:
    version "2.1.0"
    resolved "http://r.tnpm.oa.com/json5/download/json5-2.1.0.tgz#e7a0c62c48285c628d20a10b85c89bb807c32850"
    integrity sha1-56DGLEgoXGKNIKELhcibuAfDKFA=
    dependencies:
      minimist "^1.2.0"
  
  lodash@^4.17.13:
    version "4.17.15"
    resolved "http://r.tnpm.oa.com/lodash/download/lodash-4.17.15.tgz#b447f6670a0455bbfeedd11392eff330ea097548"
    integrity sha1-tEf2ZwoEVbv+7dETku/zMOoJdUg=
  
  minimist@^1.2.0:
    version "1.2.0"
    resolved "http://r.tnpm.oa.com/minimist/download/minimist-1.2.0.tgz#a35008b20f41383eec1fb914f4cd5df79a264284"
    integrity sha1-o1AIsg9BOD7sH7kU9M1d95omQoQ=
  
  ms@^2.1.1:
    version "2.1.2"
    resolved "http://r.tnpm.oa.com/ms/download/ms-2.1.2.tgz#d09d1f357b443f493382a8eb3ccd183872ae6009"
    integrity sha1-0J0fNXtEP0kzgqjrPM0YOHKuYAk=
  
  path-parse@^1.0.6:
    version "1.0.6"
    resolved "http://r.tnpm.oa.com/path-parse/download/path-parse-1.0.6.tgz#d62dbb5679405d72c4737ec58600e9ddcf06d24c"
    integrity sha1-1i27VnlAXXLEc37FhgDp3c8G0kw=
  
  resolve@^1.11.1, resolve@^1.3.2:
    version "1.11.1"
    resolved "http://r.tnpm.oa.com/resolve/download/resolve-1.11.1.tgz#ea10d8110376982fef578df8fc30b9ac30a07a3e"
    integrity sha1-6hDYEQN2mC/vV434/DC5rDCgej4=
    dependencies:
      path-parse "^1.0.6"
  
  rollup-plugin-babel@^4.3.3:
    version "4.3.3"
    resolved "http://r.tnpm.oa.com/rollup-plugin-babel/download/rollup-plugin-babel-4.3.3.tgz#7eb5ac16d9b5831c3fd5d97e8df77ba25c72a2aa"
    integrity sha1-frWsFtm1gxw/1dl+jfd7olxyoqo=
    dependencies:
      "@babel/helper-module-imports" "^7.0.0"
      rollup-pluginutils "^2.8.1"
  
  rollup-plugin-json@^4.0.0:
    version "4.0.0"
    resolved "http://r.tnpm.oa.com/rollup-plugin-json/download/rollup-plugin-json-4.0.0.tgz#a18da0a4b30bf5ca1ee76ddb1422afbb84ae2b9e"
    integrity sha1-oY2gpLML9coe523bFCKvu4SuK54=
    dependencies:
      rollup-pluginutils "^2.5.0"
  
  rollup-plugin-node-resolve@^5.2.0:
    version "5.2.0"
    resolved "http://r.tnpm.oa.com/rollup-plugin-node-resolve/download/rollup-plugin-node-resolve-5.2.0.tgz#730f93d10ed202473b1fb54a5997a7db8c6d8523"
    integrity sha1-cw+T0Q7SAkc7H7VKWZen24xthSM=
    dependencies:
      "@types/resolve" "0.0.8"
      builtin-modules "^3.1.0"
      is-module "^1.0.0"
      resolve "^1.11.1"
      rollup-pluginutils "^2.8.1"
  
  rollup-pluginutils@^2.5.0, rollup-pluginutils@^2.8.1:
    version "2.8.1"
    resolved "http://r.tnpm.oa.com/rollup-pluginutils/download/rollup-pluginutils-2.8.1.tgz#8fa6dd0697344938ef26c2c09d2488ce9e33ce97"
    integrity sha1-j6bdBpc0STjvJsLAnSSIzp4zzpc=
    dependencies:
      estree-walker "^0.6.1"
  
  rollup@^1.17.0:
    version "1.17.0"
    resolved "http://r.tnpm.oa.com/rollup/download/rollup-1.17.0.tgz#47ee8b04514544fc93b39bae06271244c8db7dfa"
    integrity sha1-R+6LBFFFRPyTs5uuBicSRMjbffo=
    dependencies:
      "@types/estree" "0.0.39"
      "@types/node" "^12.6.2"
      acorn "^6.2.0"
  
  safe-buffer@~5.1.1:
    version "5.1.2"
    resolved "http://r.tnpm.oa.com/safe-buffer/download/safe-buffer-5.1.2.tgz#991ec69d296e0313747d59bdfd2b745c35f8828d"
    integrity sha1-mR7GnSluAxN0fVm9/St0XDX4go0=
  
  semver@^5.4.1:
    version "5.7.0"
    resolved "http://r.tnpm.oa.com/semver/download/semver-5.7.0.tgz#790a7cf6fea5459bac96110b29b60412dc8ff96b"
    integrity sha1-eQp89v6lRZuslhELKbYEEtyP+Ws=
  
  source-map@^0.5.0:
    version "0.5.7"
    resolved "http://r.tnpm.oa.com/source-map/download/source-map-0.5.7.tgz#8a039d2d1021d22d1ea14c80d8ea468ba2ef3fcc"
    integrity sha1-igOdLRAh0i0eoUyA2OpGi6LvP8w=
  
  supports-color@^5.3.0:
    version "5.5.0"
    resolved "http://r.tnpm.oa.com/supports-color/download/supports-color-5.5.0.tgz#e2e69a44ac8772f78a1ec0b35b689df6530efc8f"
    integrity sha1-4uaaRKyHcveKHsCzW2id9lMO/I8=
    dependencies:
      has-flag "^3.0.0"
  
  the-answer@^1.0.0:
    version "1.0.0"
    resolved "http://r.tnpm.oa.com/the-answer/download/the-answer-1.0.0.tgz#6dbc4c9db469d4f437120b09e44700fc320f170b"
    integrity sha1-bbxMnbRp1PQ3EgsJ5EcA/DIPFws=
  
  to-fast-properties@^2.0.0:
    version "2.0.0"
    resolved "http://r.tnpm.oa.com/to-fast-properties/download/to-fast-properties-2.0.0.tgz#dc5e698cbd079265bc73e0377681a4e4e83f616e"
    integrity sha1-3F5pjL0HkmW8c+A3doGk5Og/YW4=
  
  trim-right@^1.0.1:
    version "1.0.1"
    resolved "http://r.tnpm.oa.com/trim-right/download/trim-right-1.0.1.tgz#cb2e1203067e0c8de1f614094b9fe45704ea6003"
    integrity sha1-yy4SAwZ+DI3h9hQJS5/kVwTqYAM=
